[debug] [2020-06-19T11:49:35.719Z] ----------------------------------------------------------------------
[debug] [2020-06-19T11:49:35.724Z] Command:       C:\Program Files\nodejs\node.exe C:\Users\Davies Esiro\AppData\Roaming\npm\node_modules\firebase-tools\lib\bin\firebase.js deploy --only functions
[debug] [2020-06-19T11:49:35.725Z] CLI Version:   8.4.2
[debug] [2020-06-19T11:49:35.726Z] Platform:      win32
[debug] [2020-06-19T11:49:35.726Z] Node Version:  v10.16.3
[debug] [2020-06-19T11:49:35.728Z] Time:          Fri Jun 19 2020 12:49:35 GMT+0100 (West Africa Standard Time)
[debug] [2020-06-19T11:49:35.728Z] ----------------------------------------------------------------------
[debug] [2020-06-19T11:49:35.728Z] 
[debug] [2020-06-19T11:49:35.752Z] > command requires scopes: ["email","openid","https://www.googleapis.com/auth/cloudplatformprojects.readonly","https://www.googleapis.com/auth/firebase","https://www.googleapis.com/auth/cloud-platform"]
[debug] [2020-06-19T11:49:35.753Z] > authorizing via signed-in user
[debug] [2020-06-19T11:49:35.754Z] [iam] checking project koora-e1eb5 for permissions ["cloudfunctions.functions.create","cloudfunctions.functions.delete","cloudfunctions.functions.get","cloudfunctions.functions.list","cloudfunctions.functions.update","cloudfunctions.operations.get","firebase.projects.get"]
[debug] [2020-06-19T11:49:35.761Z] >>> HTTP REQUEST POST https://cloudresourcemanager.googleapis.com/v1/projects/koora-e1eb5:testIamPermissions  
 {"permissions":["cloudfunctions.functions.create","cloudfunctions.functions.delete","cloudfunctions.functions.get","cloudfunctions.functions.list","cloudfunctions.functions.update","cloudfunctions.operations.get","firebase.projects.get"]}
[debug] [2020-06-19T11:49:37.622Z] <<< HTTP RESPONSE 200 {"content-type":"application/json; charset=UTF-8","vary":"X-Origin, Referer, Origin,Accept-Encoding","date":"Fri, 19 Jun 2020 11:52:13 GMT","server":"ESF","cache-control":"private","x-xss-protection":"0","x-frame-options":"SAMEORIGIN","x-content-type-options":"nosniff","server-timing":"gfet4t7; dur=1107","alt-svc":"h3-28=\":443\"; ma=2592000,h3-27=\":443\"; ma=2592000,h3-25=\":443\"; ma=2592000,h3-T050=\":443\"; ma=2592000,h3-Q050=\":443\"; ma=2592000,h3-Q049=\":443\"; ma=2592000,h3-Q048=\":443\"; ma=2592000,h3-Q046=\":443\"; ma=2592000,h3-Q043=\":443\"; ma=2592000,quic=\":443\"; ma=2592000; v=\"46,43\"","accept-ranges":"none","transfer-encoding":"chunked"}
[debug] [2020-06-19T11:49:37.626Z] >>> HTTP REQUEST POST https://iam.googleapis.com/v1/projects/koora-e1eb5/serviceAccounts/koora-e1eb5@appspot.gserviceaccount.com:testIamPermissions  
 {"permissions":["iam.serviceAccounts.actAs"]}
[debug] [2020-06-19T11:49:39.383Z] <<< HTTP RESPONSE 200 {"content-type":"application/json; charset=UTF-8","vary":"X-Origin, Referer, Origin,Accept-Encoding","date":"Fri, 19 Jun 2020 11:52:15 GMT","server":"ESF","cache-control":"private","x-xss-protection":"0","x-frame-options":"SAMEORIGIN","x-content-type-options":"nosniff","alt-svc":"h3-28=\":443\"; ma=2592000,h3-27=\":443\"; ma=2592000,h3-25=\":443\"; ma=2592000,h3-T050=\":443\"; ma=2592000,h3-Q050=\":443\"; ma=2592000,h3-Q049=\":443\"; ma=2592000,h3-Q048=\":443\"; ma=2592000,h3-Q046=\":443\"; ma=2592000,h3-Q043=\":443\"; ma=2592000,quic=\":443\"; ma=2592000; v=\"46,43\"","accept-ranges":"none","transfer-encoding":"chunked"}
[info] 
[info] === Deploying to 'koora-e1eb5'...
[info] 
[info] i  deploying functions 
[debug] [2020-06-19T11:49:50.085Z] > [functions] package.json contents: {
  "name": "functions",
  "description": "Cloud Functions for Firebase",
  "scripts": {
    "serve": "firebase emulators:start --only functions",
    "shell": "firebase functions:shell",
    "start": "npm run shell",
    "deploy": "firebase deploy --only functions",
    "logs": "firebase functions:log"
  },
  "engines": {
    "node": "8"
  },
  "dependencies": {
    "firebase-admin": "^8.10.0",
    "firebase-functions": "^3.6.1"
  },
  "devDependencies": {
    "firebase-functions-test": "^0.2.0"
  },
  "private": true
}
[info] i  functions: ensuring required API cloudfunctions.googleapis.com is enabled... 
[debug] [2020-06-19T11:49:55.606Z] [functions] runtime dependency check dates: warning: 2020-05-21T00:00:00.000Z error: 2020-08-17T00:00:00.000Z
[debug] [2020-06-19T11:49:55.607Z] >>> HTTP REQUEST GET https://serviceusage.googleapis.com/v1/projects/koora-e1eb5/services/cloudfunctions.googleapis.com  
 
[debug] [2020-06-19T11:49:55.608Z] >>> HTTP REQUEST GET https://serviceusage.googleapis.com/v1/projects/koora-e1eb5/services/runtimeconfig.googleapis.com  
 
